04:59:30 WARN Wechaty init() DEPRECATED and will be removed after Jun 2018. Use start() instead.
04:59:30 INFO Wechaty v0.13.86 starting...
04:59:31 ERR PuppetWebBridge init() exception: Error: Protocol error (Page.navigate): Target closed.
04:59:31 ERR PuppetWebBridge init() exception Error: Protocol error (Page.navigate): Target closed., close page/browser exception AssertionError [ERR_ASSERTION]: Protocol error: Connection closed. Most likely the page has been closed.
04:59:31 ERR PuppetWeb initBridge() exception: Protocol error (Page.navigate): Target closed.
04:59:31 WARN PuppetWebBridge quit() page.close() exception: AssertionError [ERR_ASSERTION]: Protocol error: Connection closed. Most likely the page has been closed.
04:59:31 ERR PuppetWeb init() exception: Error: Protocol error (Page.navigate): Target closed.
04:59:31 ERR Wechaty start() exception: Protocol error (Page.navigate): Target closed.
(node:8725) UnhandledPromiseRejectionWarning: Error: Protocol error (Page.navigate): Target closed.
    at Promise (/home/liyuaw/workspace/wechatbot/node_modules/puppeteer/lib/Connection.js:198:56)
    at new Promise (<anonymous>)
    at CDPSession.send (/home/liyuaw/workspace/wechatbot/node_modules/puppeteer/lib/Connection.js:197:12)
    at navigate (/home/liyuaw/workspace/wechatbot/node_modules/puppeteer/lib/Page.js:520:39)
    at Page.goto (/home/liyuaw/workspace/wechatbot/node_modules/puppeteer/lib/Page.js:500:7)
    at Bridge.<anonymous> (/home/liyuaw/workspace/wechatbot/node_modules/wechaty/dist/src/puppet-web/bridge.js:154:24)
    at Generator.next (<anonymous>)
    at fulfilled (/home/liyuaw/workspace/wechatbot/node_modules/wechaty/dist/src/puppet-web/bridge.js:4:58)
    at <anonymous>
    at process._tickDomainCallback (internal/process/next_tick.js:228:7)
(node:8725) UnhandledPromiseRejectionWarning: Unhandled promise rejection. This error originated either by throwing inside of an async function without a catch block, or by rejecting a promise which was not handled with .catch(). (rejection id: 5)
(node:8725) [DEP0018] DeprecationWarning: Unhandled promise rejections are deprecated. In the future, promise rejections that are not handled will terminate the Node.js process with a non-zero exit code.
04:59:38 WARN Wechaty init() DEPRECATED and will be removed after Jun 2018. Use start() instead.
04:59:38 INFO Wechaty v0.13.86 starting...
[47m  [0m[47m  [0m[47m  [0m[47m  [0m[47m  [0m[47m  [0m[47m  [0m[47m  [0m[47m  [0m[47m  [0m[47m  [0m[47m  [0m[47m  [0m[47m  [0m[47m  [0m[47m  [0m[47m  [0m[47m  [0m[47m  [0m[47m  [0m[47m  [0m[47m  [0m[47m  [0m[47m  [0m[47m  [0m[47m  [0m[47m  [0m[47m  [0m[47m  [0m[47m  [0m[47m  [0m
[47m  [0m[40m  [0m[40m  [0m[40m  [0m[40m  [0m[40m  [0m[40m  [0m[40m  [0m[47m  [0m[40m  [0m[47m  [0m[47m  [0m[40m  [0m[40m  [0m[47m  [0m[40m  [0m[40m  [0m[47m  [0m[40m  [0m[47m  [0m[47m  [0m[47m  [0m[47m  [0m[40m  [0m[40m  [0m[40m  [0m[40m  [0m[40m  [0m[40m  [0m[40m  [0m[47m  [0m
[47m  [0m[40m  [0m[47m  [0m[47m  [0m[47m  [0m[47m  [0m[47m  [0m[40m  [0m[47m  [0m[47m  [0m[40m  [0m[40m  [0m[47m  [0m[47m  [0m[40m  [0m[47m  [0m[47m  [0m[40m  [0m[47m  [0m[40m  [0m[40m  [0m[47m  [0m[47m  [0m[40m  [0m[47m  [0m[47m  [0m[47m  [0m[47m  [0m[47m  [0m[40m  [0m[47m  [0m
[47m  [0m[40m  [0m[47m  [0m[40m  [0m[40m  [0m[40m  [0m[47m  [0m[40m  [0m[47m  [0m[47m  [0m[47m  [0m[40m  [0m[47m  [0m[40m  [0m[40m  [0m[47m  [0m[47m  [0m[40m  [0m[47m  [0m[47m  [0m[40m  [0m[47m  [0m[47m  [0m[40m  [0m[47m  [0m[40m  [0m[40m  [0m[40m  [0m[47m  [0m[40m  [0m[47m  [0m
[47m  [0m[40m  [0m[47m  [0m[40m  [0m[40m  [0m[40m  [0m[47m  [0m[40m  [0m[47m  [0m[47m  [0m[47m  [0m[47m  [0m[47m  [0m[40m  [0m[47m  [0m[47m  [0m[47m  [0m[47m  [0m[40m  [0m[40m  [0m[47m  [0m[47m  [0m[47m  [0m[40m  [0m[47m  [0m[40m  [0m[40m  [0m[40m  [0m[47m  [0m[40m  [0m[47m  [0m
[47m  [0m[40m  [0m[47m  [0m[40m  [0m[40m  [0m[40m  [0m[47m  [0m[40m  [0m[47m  [0m[47m  [0m[40m  [0m[47m  [0m[40m  [0m[47m  [0m[40m  [0m[40m  [0m[47m  [0m[40m  [0m[47m  [0m[40m  [0m[40m  [0m[47m  [0m[47m  [0m[40m  [0m[47m  [0m[40m  [0m[40m  [0m[40m  [0m[47m  [0m[40m  [0m[47m  [0m
[47m  [0m[40m  [0m[47m  [0m[47m  [0m[47m  [0m[47m  [0m[47m  [0m[40m  [0m[47m  [0m[47m  [0m[47m  [0m[40m  [0m[47m  [0m[40m  [0m[40m  [0m[40m  [0m[47m  [0m[40m  [0m[47m  [0m[47m  [0m[47m  [0m[47m  [0m[47m  [0m[40m  [0m[47m  [0m[47m  [0m[47m  [0m[47m  [0m[47m  [0m[40m  [0m[47m  [0m
[47m  [0m[40m  [0m[40m  [0m[40m  [0m[40m  [0m[40m  [0m[40m  [0m[40m  [0m[47m  [0m[40m  [0m[47m  [0m[40m  [0m[47m  [0m[40m  [0m[47m  [0m[40m  [0m[47m  [0m[40m  [0m[47m  [0m[40m  [0m[47m  [0m[40m  [0m[47m  [0m[40m  [0m[40m  [0m[40m  [0m[40m  [0m[40m  [0m[40m  [0m[40m  [0m[47m  [0m
[47m  [0m[47m  [0m[47m  [0m[47m  [0m[47m  [0m[47m  [0m[47m  [0m[47m  [0m[47m  [0m[40m  [0m[47m  [0m[40m  [0m[40m  [0m[47m  [0m[40m  [0m[47m  [0m[40m  [0m[47m  [0m[47m  [0m[40m  [0m[47m  [0m[47m  [0m[47m  [0m[47m  [0m[47m  [0m[47m  [0m[47m  [0m[47m  [0m[47m  [0m[47m  [0m[47m  [0m
[47m  [0m[40m  [0m[40m  [0m[47m  [0m[40m  [0m[40m  [0m[47m  [0m[40m  [0m[47m  [0m[47m  [0m[40m  [0m[40m  [0m[40m  [0m[47m  [0m[40m  [0m[40m  [0m[47m  [0m[40m  [0m[40m  [0m[47m  [0m[47m  [0m[47m  [0m[47m  [0m[40m  [0m[47m  [0m[47m  [0m[47m  [0m[47m  [0m[47m  [0m[40m  [0m[47m  [0m
[47m  [0m[40m  [0m[47m  [0m[40m  [0m[40m  [0m[40m  [0m[40m  [0m[47m  [0m[47m  [0m[40m  [0m[40m  [0m[47m  [0m[47m  [0m[40m  [0m[40m  [0m[40m  [0m[40m  [0m[47m  [0m[47m  [0m[40m  [0m[40m  [0m[40m  [0m[47m  [0m[47m  [0m[40m  [0m[40m  [0m[47m  [0m[40m  [0m[40m  [0m[47m  [0m[47m  [0m
[47m  [0m[40m  [0m[47m  [0m[40m  [0m[47m  [0m[47m  [0m[40m  [0m[40m  [0m[40m  [0m[47m  [0m[47m  [0m[40m  [0m[40m  [0m[47m  [0m[47m  [0m[40m  [0m[40m  [0m[47m  [0m[47m  [0m[40m  [0m[47m  [0m[40m  [0m[47m  [0m[40m  [0m[47m  [0m[40m  [0m[47m  [0m[40m  [0m[47m  [0m[47m  [0m[47m  [0m
[47m  [0m[40m  [0m[47m  [0m[47m  [0m[40m  [0m[40m  [0m[47m  [0m[47m  [0m[40m  [0m[47m  [0m[40m  [0m[40m  [0m[40m  [0m[40m  [0m[47m  [0m[47m  [0m[40m  [0m[40m  [0m[40m  [0m[47m  [0m[40m  [0m[40m  [0m[47m  [0m[47m  [0m[40m  [0m[47m  [0m[40m  [0m[47m  [0m[47m  [0m[40m  [0m[47m  [0m
[47m  [0m[40m  [0m[40m  [0m[40m  [0m[47m  [0m[40m  [0m[47m  [0m[40m  [0m[47m  [0m[40m  [0m[40m  [0m[47m  [0m[40m  [0m[40m  [0m[40m  [0m[47m  [0m[47m  [0m[40m  [0m[47m  [0m[47m  [0m[47m  [0m[40m  [0m[40m  [0m[40m  [0m[40m  [0m[47m  [0m[47m  [0m[47m  [0m[47m  [0m[40m  [0m[47m  [0m
[47m  [0m[40m  [0m[47m  [0m[40m  [0m[40m  [0m[47m  [0m[47m  [0m[47m  [0m[40m  [0m[40m  [0m[40m  [0m[47m  [0m[47m  [0m[47m  [0m[40m  [0m[40m  [0m[47m  [0m[40m  [0m[40m  [0m[40m  [0m[47m  [0m[47m  [0m[47m  [0m[40m  [0m[40m  [0m[40m  [0m[40m  [0m[40m  [0m[40m  [0m[40m  [0m[47m  [0m
[47m  [0m[47m  [0m[47m  [0m[47m  [0m[47m  [0m[40m  [0m[47m  [0m[40m  [0m[47m  [0m[40m  [0m[47m  [0m[47m  [0m[40m  [0m[40m  [0m[40m  [0m[47m  [0m[40m  [0m[47m  [0m[40m  [0m[47m  [0m[40m  [0m[40m  [0m[47m  [0m[47m  [0m[40m  [0m[47m  [0m[47m  [0m[40m  [0m[47m  [0m[40m  [0m[47m  [0m
[47m  [0m[47m  [0m[47m  [0m[47m  [0m[47m  [0m[40m  [0m[47m  [0m[47m  [0m[40m  [0m[47m  [0m[40m  [0m[47m  [0m[40m  [0m[47m  [0m[47m  [0m[47m  [0m[40m  [0m[47m  [0m[47m  [0m[47m  [0m[47m  [0m[40m  [0m[47m  [0m[47m  [0m[40m  [0m[40m  [0m[47m  [0m[40m  [0m[47m  [0m[40m  [0m[47m  [0m
[47m  [0m[47m  [0m[40m  [0m[40m  [0m[47m  [0m[47m  [0m[40m  [0m[40m  [0m[47m  [0m[40m  [0m[47m  [0m[47m  [0m[47m  [0m[47m  [0m[40m  [0m[40m  [0m[40m  [0m[47m  [0m[47m  [0m[47m  [0m[40m  [0m[40m  [0m[47m  [0m[47m  [0m[40m  [0m[47m  [0m[40m  [0m[47m  [0m[47m  [0m[47m  [0m[47m  [0m
[47m  [0m[40m  [0m[40m  [0m[47m  [0m[47m  [0m[40m  [0m[40m  [0m[47m  [0m[47m  [0m[40m  [0m[40m  [0m[47m  [0m[40m  [0m[40m  [0m[40m  [0m[40m  [0m[47m  [0m[47m  [0m[47m  [0m[40m  [0m[40m  [0m[40m  [0m[40m  [0m[47m  [0m[47m  [0m[40m  [0m[47m  [0m[40m  [0m[40m  [0m[47m  [0m[47m  [0m
[47m  [0m[40m  [0m[40m  [0m[47m  [0m[47m  [0m[40m  [0m[47m  [0m[40m  [0m[47m  [0m[40m  [0m[47m  [0m[40m  [0m[40m  [0m[47m  [0m[40m  [0m[47m  [0m[40m  [0m[47m  [0m[40m  [0m[47m  [0m[40m  [0m[40m  [0m[47m  [0m[40m  [0m[47m  [0m[47m  [0m[40m  [0m[47m  [0m[47m  [0m[40m  [0m[47m  [0m
[47m  [0m[40m  [0m[40m  [0m[40m  [0m[47m  [0m[47m  [0m[47m  [0m[47m  [0m[47m  [0m[40m  [0m[40m  [0m[47m  [0m[47m  [0m[40m  [0m[40m  [0m[47m  [0m[40m  [0m[47m  [0m[47m  [0m[47m  [0m[40m  [0m[40m  [0m[40m  [0m[40m  [0m[40m  [0m[47m  [0m[40m  [0m[40m  [0m[47m  [0m[47m  [0m[47m  [0m
[47m  [0m[40m  [0m[40m  [0m[47m  [0m[47m  [0m[40m  [0m[40m  [0m[40m  [0m[47m  [0m[40m  [0m[47m  [0m[47m  [0m[47m  [0m[40m  [0m[47m  [0m[47m  [0m[40m  [0m[40m  [0m[40m  [0m[40m  [0m[47m  [0m[40m  [0m[40m  [0m[40m  [0m[40m  [0m[40m  [0m[40m  [0m[40m  [0m[40m  [0m[47m  [0m[47m  [0m
[47m  [0m[47m  [0m[47m  [0m[47m  [0m[47m  [0m[47m  [0m[47m  [0m[47m  [0m[47m  [0m[40m  [0m[40m  [0m[40m  [0m[47m  [0m[47m  [0m[40m  [0m[47m  [0m[40m  [0m[47m  [0m[40m  [0m[40m  [0m[40m  [0m[40m  [0m[47m  [0m[47m  [0m[47m  [0m[40m  [0m[40m  [0m[47m  [0m[47m  [0m[47m  [0m[47m  [0m
[47m  [0m[40m  [0m[40m  [0m[40m  [0m[40m  [0m[40m  [0m[40m  [0m[40m  [0m[47m  [0m[47m  [0m[40m  [0m[47m  [0m[47m  [0m[40m  [0m[47m  [0m[47m  [0m[40m  [0m[40m  [0m[47m  [0m[47m  [0m[40m  [0m[40m  [0m[47m  [0m[40m  [0m[47m  [0m[40m  [0m[40m  [0m[47m  [0m[47m  [0m[47m  [0m[47m  [0m
[47m  [0m[40m  [0m[47m  [0m[47m  [0m[47m  [0m[47m  [0m[47m  [0m[40m  [0m[47m  [0m[47m  [0m[47m  [0m[47m  [0m[47m  [0m[47m  [0m[47m  [0m[40m  [0m[40m  [0m[47m  [0m[40m  [0m[47m  [0m[40m  [0m[40m  [0m[47m  [0m[47m  [0m[47m  [0m[40m  [0m[47m  [0m[47m  [0m[47m  [0m[47m  [0m[47m  [0m
[47m  [0m[40m  [0m[47m  [0m[40m  [0m[40m  [0m[40m  [0m[47m  [0m[40m  [0m[47m  [0m[40m  [0m[47m  [0m[40m  [0m[47m  [0m[47m  [0m[40m  [0m[40m  [0m[47m  [0m[40m  [0m[47m  [0m[47m  [0m[40m  [0m[40m  [0m[40m  [0m[40m  [0m[40m  [0m[40m  [0m[40m  [0m[47m  [0m[40m  [0m[47m  [0m[47m  [0m
[47m  [0m[40m  [0m[47m  [0m[40m  [0m[40m  [0m[40m  [0m[47m  [0m[40m  [0m[47m  [0m[40m  [0m[47m  [0m[40m  [0m[47m  [0m[40m  [0m[47m  [0m[40m  [0m[40m  [0m[40m  [0m[40m  [0m[40m  [0m[47m  [0m[40m  [0m[40m  [0m[47m  [0m[47m  [0m[47m  [0m[47m  [0m[47m  [0m[47m  [0m[40m  [0m[47m  [0m
[47m  [0m[40m  [0m[47m  [0m[40m  [0m[40m  [0m[40m  [0m[47m  [0m[40m  [0m[47m  [0m[47m  [0m[47m  [0m[47m  [0m[47m  [0m[47m  [0m[47m  [0m[40m  [0m[40m  [0m[47m  [0m[47m  [0m[47m  [0m[40m  [0m[40m  [0m[40m  [0m[47m  [0m[40m  [0m[40m  [0m[47m  [0m[40m  [0m[40m  [0m[40m  [0m[47m  [0m
[47m  [0m[40m  [0m[47m  [0m[47m  [0m[47m  [0m[47m  [0m[47m  [0m[40m  [0m[47m  [0m[40m  [0m[40m  [0m[40m  [0m[47m  [0m[40m  [0m[40m  [0m[40m  [0m[40m  [0m[47m  [0m[47m  [0m[40m  [0m[47m  [0m[47m  [0m[40m  [0m[40m  [0m[47m  [0m[40m  [0m[40m  [0m[40m  [0m[47m  [0m[40m  [0m[47m  [0m
[47m  [0m[40m  [0m[40m  [0m[40m  [0m[40m  [0m[40m  [0m[40m  [0m[40m  [0m[47m  [0m[40m  [0m[47m  [0m[40m  [0m[40m  [0m[40m  [0m[47m  [0m[47m  [0m[47m  [0m[47m  [0m[47m  [0m[40m  [0m[40m  [0m[40m  [0m[47m  [0m[47m  [0m[47m  [0m[47m  [0m[47m  [0m[47m  [0m[47m  [0m[47m  [0m[47m  [0m
[47m  [0m[47m  [0m[47m  [0m[47m  [0m[47m  [0m[47m  [0m[47m  [0m[47m  [0m[47m  [0m[47m  [0m[47m  [0m[47m  [0m[47m  [0m[47m  [0m[47m  [0m[47m  [0m[47m  [0m[47m  [0m[47m  [0m[47m  [0m[47m  [0m[47m  [0m[47m  [0m[47m  [0m[47m  [0m[47m  [0m[47m  [0m[47m  [0m[47m  [0m[47m  [0m[47m  [0m
https://login.weixin.qq.com/qrcode/ocGJjsLOHA==
[47m  [0m[47m  [0m[47m  [0m[47m  [0m[47m  [0m[47m  [0m[47m  [0m[47m  [0m[47m  [0m[47m  [0m[47m  [0m[47m  [0m[47m  [0m[47m  [0m[47m  [0m[47m  [0m[47m  [0m[47m  [0m[47m  [0m[47m  [0m[47m  [0m[47m  [0m[47m  [0m[47m  [0m[47m  [0m[47m  [0m[47m  [0m[47m  [0m[47m  [0m[47m  [0m[47m  [0m
[47m  [0m[40m  [0m[40m  [0m[40m  [0m[40m  [0m[40m  [0m[40m  [0m[40m  [0m[47m  [0m[40m  [0m[47m  [0m[47m  [0m[40m  [0m[40m  [0m[47m  [0m[40m  [0m[40m  [0m[47m  [0m[40m  [0m[47m  [0m[47m  [0m[47m  [0m[47m  [0m[40m  [0m[40m  [0m[40m  [0m[40m  [0m[40m  [0m[40m  [0m[40m  [0m[47m  [0m
[47m  [0m[40m  [0m[47m  [0m[47m  [0m[47m  [0m[47m  [0m[47m  [0m[40m  [0m[47m  [0m[47m  [0m[40m  [0m[40m  [0m[47m  [0m[47m  [0m[40m  [0m[47m  [0m[47m  [0m[40m  [0m[47m  [0m[40m  [0m[40m  [0m[47m  [0m[47m  [0m[40m  [0m[47m  [0m[47m  [0m[47m  [0m[47m  [0m[47m  [0m[40m  [0m[47m  [0m
[47m  [0m[40m  [0m[47m  [0m[40m  [0m[40m  [0m[40m  [0m[47m  [0m[40m  [0m[47m  [0m[47m  [0m[47m  [0m[40m  [0m[47m  [0m[40m  [0m[40m  [0m[47m  [0m[47m  [0m[40m  [0m[47m  [0m[47m  [0m[40m  [0m[47m  [0m[47m  [0m[40m  [0m[47m  [0m[40m  [0m[40m  [0m[40m  [0m[47m  [0m[40m  [0m[47m  [0m
[47m  [0m[40m  [0m[47m  [0m[40m  [0m[40m  [0m[40m  [0m[47m  [0m[40m  [0m[47m  [0m[47m  [0m[47m  [0m[47m  [0m[47m  [0m[40m  [0m[47m  [0m[47m  [0m[47m  [0m[47m  [0m[40m  [0m[40m  [0m[47m  [0m[47m  [0m[47m  [0m[40m  [0m[47m  [0m[40m  [0m[40m  [0m[40m  [0m[47m  [0m[40m  [0m[47m  [0m
[47m  [0m[40m  [0m[47m  [0m[40m  [0m[40m  [0m[40m  [0m[47m  [0m[40m  [0m[47m  [0m[47m  [0m[40m  [0m[47m  [0m[40m  [0m[47m  [0m[40m  [0m[40m  [0m[47m  [0m[40m  [0m[47m  [0m[40m  [0m[40m  [0m[47m  [0m[47m  [0m[40m  [0m[47m  [0m[40m  [0m[40m  [0m[40m  [0m[47m  [0m[40m  [0m[47m  [0m
[47m  [0m[40m  [0m[47m  [0m[47m  [0m[47m  [0m[47m  [0m[47m  [0m[40m  [0m[47m  [0m[47m  [0m[47m  [0m[40m  [0m[47m  [0m[40m  [0m[40m  [0m[40m  [0m[47m  [0m[40m  [0m[47m  [0m[47m  [0m[47m  [0m[47m  [0m[47m  [0m[40m  [0m[47m  [0m[47m  [0m[47m  [0m[47m  [0m[47m  [0m[40m  [0m[47m  [0m
[47m  [0m[40m  [0m[40m  [0m[40m  [0m[40m  [0m[40m  [0m[40m  [0m[40m  [0m[47m  [0m[40m  [0m[47m  [0m[40m  [0m[47m  [0m[40m  [0m[47m  [0m[40m  [0m[47m  [0m[40m  [0m[47m  [0m[40m  [0m[47m  [0m[40m  [0m[47m  [0m[40m  [0m[40m  [0m[40m  [0m[40m  [0m[40m  [0m[40m  [0m[40m  [0m[47m  [0m
[47m  [0m[47m  [0m[47m  [0m[47m  [0m[47m  [0m[47m  [0m[47m  [0m[47m  [0m[47m  [0m[40m  [0m[47m  [0m[40m  [0m[40m  [0m[47m  [0m[40m  [0m[47m  [0m[40m  [0m[47m  [0m[47m  [0m[40m  [0m[47m  [0m[47m  [0m[47m  [0m[47m  [0m[47m  [0m[47m  [0m[47m  [0m[47m  [0m[47m  [0m[47m  [0m[47m  [0m
[47m  [0m[40m  [0m[40m  [0m[47m  [0m[40m  [0m[40m  [0m[47m  [0m[40m  [0m[47m  [0m[47m  [0m[40m  [0m[40m  [0m[40m  [0m[47m  [0m[40m  [0m[40m  [0m[47m  [0m[40m  [0m[40m  [0m[47m  [0m[47m  [0m[47m  [0m[47m  [0m[40m  [0m[47m  [0m[47m  [0m[47m  [0m[47m  [0m[47m  [0m[40m  [0m[47m  [0m
[47m  [0m[40m  [0m[47m  [0m[40m  [0m[40m  [0m[40m  [0m[40m  [0m[47m  [0m[47m  [0m[40m  [0m[40m  [0m[47m  [0m[47m  [0m[40m  [0m[40m  [0m[40m  [0m[40m  [0m[47m  [0m[47m  [0m[40m  [0m[40m  [0m[40m  [0m[47m  [0m[47m  [0m[40m  [0m[40m  [0m[47m  [0m[40m  [0m[40m  [0m[47m  [0m[47m  [0m
[47m  [0m[40m  [0m[47m  [0m[40m  [0m[47m  [0m[47m  [0m[40m  [0m[40m  [0m[40m  [0m[47m  [0m[47m  [0m[40m  [0m[40m  [0m[47m  [0m[47m  [0m[40m  [0m[40m  [0m[47m  [0m[47m  [0m[40m  [0m[47m  [0m[40m  [0m[47m  [0m[40m  [0m[47m  [0m[40m  [0m[47m  [0m[40m  [0m[47m  [0m[47m  [0m[47m  [0m
[47m  [0m[40m  [0m[47m  [0m[47m  [0m[40m  [0m[40m  [0m[47m  [0m[47m  [0m[40m  [0m[47m  [0m[40m  [0m[40m  [0m[40m  [0m[40m  [0m[47m  [0m[47m  [0m[40m  [0m[40m  [0m[40m  [0m[47m  [0m[40m  [0m[40m  [0m[47m  [0m[47m  [0m[40m  [0m[47m  [0m[40m  [0m[47m  [0m[47m  [0m[40m  [0m[47m  [0m
[47m  [0m[40m  [0m[40m  [0m[40m  [0m[47m  [0m[40m  [0m[47m  [0m[40m  [0m[47m  [0m[40m  [0m[40m  [0m[47m  [0m[40m  [0m[40m  [0m[40m  [0m[47m  [0m[47m  [0m[40m  [0m[47m  [0m[47m  [0m[47m  [0m[40m  [0m[40m  [0m[40m  [0m[40m  [0m[47m  [0m[47m  [0m[47m  [0m[47m  [0m[40m  [0m[47m  [0m
[47m  [0m[40m  [0m[47m  [0m[40m  [0m[40m  [0m[47m  [0m[47m  [0m[47m  [0m[40m  [0m[40m  [0m[40m  [0m[47m  [0m[47m  [0m[47m  [0m[40m  [0m[40m  [0m[47m  [0m[40m  [0m[40m  [0m[40m  [0m[47m  [0m[47m  [0m[47m  [0m[40m  [0m[40m  [0m[40m  [0m[40m  [0m[40m  [0m[40m  [0m[40m  [0m[47m  [0m
[47m  [0m[47m  [0m[47m  [0m[47m  [0m[47m  [0m[40m  [0m[47m  [0m[40m  [0m[47m  [0m[40m  [0m[47m  [0m[47m  [0m[40m  [0m[40m  [0m[40m  [0m[47m  [0m[40m  [0m[47m  [0m[40m  [0m[47m  [0m[40m  [0m[40m  [0m[47m  [0m[47m  [0m[40m  [0m[47m  [0m[47m  [0m[40m  [0m[47m  [0m[40m  [0m[47m  [0m
[47m  [0m[47m  [0m[47m  [0m[47m  [0m[47m  [0m[40m  [0m[47m  [0m[47m  [0m[40m  [0m[47m  [0m[40m  [0m[47m  [0m[40m  [0m[47m  [0m[47m  [0m[47m  [0m[40m  [0m[47m  [0m[47m  [0m[47m  [0m[47m  [0m[40m  [0m[47m  [0m[47m  [0m[40m  [0m[40m  [0m[47m  [0m[40m  [0m[47m  [0m[40m  [0m[47m  [0m
[47m  [0m[47m  [0m[40m  [0m[40m  [0m[47m  [0m[47m  [0m[40m  [0m[40m  [0m[47m  [0m[40m  [0m[47m  [0m[47m  [0m[47m  [0m[47m  [0m[40m  [0m[40m  [0m[40m  [0m[47m  [0m[47m  [0m[47m  [0m[40m  [0m[40m  [0m[47m  [0m[47m  [0m[40m  [0m[47m  [0m[40m  [0m[47m  [0m[47m  [0m[47m  [0m[47m  [0m
[47m  [0m[40m  [0m[40m  [0m[47m  [0m[47m  [0m[40m  [0m[40m  [0m[47m  [0m[47m  [0m[40m  [0m[40m  [0m[47m  [0m[40m  [0m[40m  [0m[40m  [0m[40m  [0m[47m  [0m[47m  [0m[47m  [0m[40m  [0m[40m  [0m[40m  [0m[40m  [0m[47m  [0m[47m  [0m[40m  [0m[47m  [0m[40m  [0m[40m  [0m[47m  [0m[47m  [0m
[47m  [0m[40m  [0m[40m  [0m[47m  [0m[47m  [0m[40m  [0m[47m  [0m[40m  [0m[47m  [0m[40m  [0m[47m  [0m[40m  [0m[40m  [0m[47m  [0m[40m  [0m[47m  [0m[40m  [0m[47m  [0m[40m  [0m[47m  [0m[40m  [0m[40m  [0m[47m  [0m[40m  [0m[47m  [0m[47m  [0m[40m  [0m[47m  [0m[47m  [0m[40m  [0m[47m  [0m
[47m  [0m[40m  [0m[40m  [0m[40m  [0m[47m  [0m[47m  [0m[47m  [0m[47m  [0m[47m  [0m[40m  [0m[40m  [0m[47m  [0m[47m  [0m[40m  [0m[40m  [0m[47m  [0m[40m  [0m[47m  [0m[47m  [0m[47m  [0m[40m  [0m[40m  [0m[40m  [0m[40m  [0m[40m  [0m[47m  [0m[40m  [0m[40m  [0m[47m  [0m[47m  [0m[47m  [0m
[47m  [0m[40m  [0m[40m  [0m[47m  [0m[47m  [0m[40m  [0m[40m  [0m[40m  [0m[47m  [0m[40m  [0m[47m  [0m[47m  [0m[47m  [0m[40m  [0m[47m  [0m[47m  [0m[40m  [0m[40m  [0m[40m  [0m[40m  [0m[47m  [0m[40m  [0m[40m  [0m[40m  [0m[40m  [0m[40m  [0m[40m  [0m[40m  [0m[40m  [0m[47m  [0m[47m  [0m
[47m  [0m[47m  [0m[47m  [0m[47m  [0m[47m  [0m[47m  [0m[47m  [0m[47m  [0m[47m  [0m[40m  [0m[40m  [0m[40m  [0m[47m  [0m[47m  [0m[40m  [0m[47m  [0m[40m  [0m[47m  [0m[40m  [0m[40m  [0m[40m  [0m[40m  [0m[47m  [0m[47m  [0m[47m  [0m[40m  [0m[40m  [0m[47m  [0m[47m  [0m[47m  [0m[47m  [0m
[47m  [0m[40m  [0m[40m  [0m[40m  [0m[40m  [0m[40m  [0m[40m  [0m[40m  [0m[47m  [0m[47m  [0m[40m  [0m[47m  [0m[47m  [0m[40m  [0m[47m  [0m[47m  [0m[40m  [0m[40m  [0m[47m  [0m[47m  [0m[40m  [0m[40m  [0m[47m  [0m[40m  [0m[47m  [0m[40m  [0m[40m  [0m[47m  [0m[47m  [0m[47m  [0m[47m  [0m
[47m  [0m[40m  [0m[47m  [0m[47m  [0m[47m  [0m[47m  [0m[47m  [0m[40m  [0m[47m  [0m[47m  [0m[47m  [0m[47m  [0m[47m  [0m[47m  [0m[47m  [0m[40m  [0m[40m  [0m[47m  [0m[40m  [0m[47m  [0m[40m  [0m[40m  [0m[47m  [0m[47m  [0m[47m  [0m[40m  [0m[47m  [0m[47m  [0m[47m  [0m[47m  [0m[47m  [0m
[47m  [0m[40m  [0m[47m  [0m[40m  [0m[40m  [0m[40m  [0m[47m  [0m[40m  [0m[47m  [0m[40m  [0m[47m  [0m[40m  [0m[47m  [0m[47m  [0m[40m  [0m[40m  [0m[47m  [0m[40m  [0m[47m  [0m[47m  [0m[40m  [0m[40m  [0m[40m  [0m[40m  [0m[40m  [0m[40m  [0m[40m  [0m[47m  [0m[40m  [0m[47m  [0m[47m  [0m
[47m  [0m[40m  [0m[47m  [0m[40m  [0m[40m  [0m[40m  [0m[47m  [0m[40m  [0m[47m  [0m[40m  [0m[47m  [0m[40m  [0m[47m  [0m[40m  [0m[47m  [0m[40m  [0m[40m  [0m[40m  [0m[40m  [0m[40m  [0m[47m  [0m[40m  [0m[40m  [0m[47m  [0m[47m  [0m[47m  [0m[47m  [0m[47m  [0m[47m  [0m[40m  [0m[47m  [0m
[47m  [0m[40m  [0m[47m  [0m[40m  [0m[40m  [0m[40m  [0m[47m  [0m[40m  [0m[47m  [0m[47m  [0m[47m  [0m[47m  [0m[47m  [0m[47m  [0m[47m  [0m[40m  [0m[40m  [0m[47m  [0m[47m  [0m[47m  [0m[40m  [0m[40m  [0m[40m  [0m[47m  [0m[40m  [0m[40m  [0m[47m  [0m[40m  [0m[40m  [0m[40m  [0m[47m  [0m
[47m  [0m[40m  [0m[47m  [0m[47m  [0m[47m  [0m[47m  [0m[47m  [0m[40m  [0m[47m  [0m[40m  [0m[40m  [0m[40m  [0m[47m  [0m[40m  [0m[40m  [0m[40m  [0m[40m  [0m[47m  [0m[47m  [0m[40m  [0m[47m  [0m[47m  [0m[40m  [0m[40m  [0m[47m  [0m[40m  [0m[40m  [0m[40m  [0m[47m  [0m[40m  [0m[47m  [0m
[47m  [0m[40m  [0m[40m  [0m[40m  [0m[40m  [0m[40m  [0m[40m  [0m[40m  [0m[47m  [0m[40m  [0m[47m  [0m[40m  [0m[40m  [0m[40m  [0m[47m  [0m[47m  [0m[47m  [0m[47m  [0m[47m  [0m[40m  [0m[40m  [0m[40m  [0m[47m  [0m[47m  [0m[47m  [0m[47m  [0m[47m  [0m[47m  [0m[47m  [0m[47m  [0m[47m  [0m
[47m  [0m[47m  [0m[47m  [0m[47m  [0m[47m  [0m[47m  [0m[47m  [0m[47m  [0m[47m  [0m[47m  [0m[47m  [0m[47m  [0m[47m  [0m[47m  [0m[47m  [0m[47m  [0m[47m  [0m[47m  [0m[47m  [0m[47m  [0m[47m  [0m[47m  [0m[47m  [0m[47m  [0m[47m  [0m[47m  [0m[47m  [0m[47m  [0m[47m  [0m[47m  [0m[47m  [0m
https://login.weixin.qq.com/qrcode/ocGJjsLOHA==
05:01:04 WARN Wechaty init() DEPRECATED and will be removed after Jun 2018. Use start() instead.
05:01:04 INFO Wechaty v0.13.86 starting...
[47m  [0m[47m  [0m[47m  [0m[47m  [0m[47m  [0m[47m  [0m[47m  [0m[47m  [0m[47m  [0m[47m  [0m[47m  [0m[47m  [0m[47m  [0m[47m  [0m[47m  [0m[47m  [0m[47m  [0m[47m  [0m[47m  [0m[47m  [0m[47m  [0m[47m  [0m[47m  [0m[47m  [0m[47m  [0m[47m  [0m[47m  [0m[47m  [0m[47m  [0m[47m  [0m[47m  [0m
[47m  [0m[40m  [0m[40m  [0m[40m  [0m[40m  [0m[40m  [0m[40m  [0m[40m  [0m[47m  [0m[40m  [0m[47m  [0m[40m  [0m[47m  [0m[40m  [0m[40m  [0m[47m  [0m[40m  [0m[40m  [0m[47m  [0m[47m  [0m[40m  [0m[40m  [0m[47m  [0m[40m  [0m[40m  [0m[40m  [0m[40m  [0m[40m  [0m[40m  [0m[40m  [0m[47m  [0m
[47m  [0m[40m  [0m[47m  [0m[47m  [0m[47m  [0m[47m  [0m[47m  [0m[40m  [0m[47m  [0m[47m  [0m[40m  [0m[40m  [0m[40m  [0m[40m  [0m[40m  [0m[40m  [0m[47m  [0m[40m  [0m[40m  [0m[47m  [0m[47m  [0m[47m  [0m[47m  [0m[40m  [0m[47m  [0m[47m  [0m[47m  [0m[47m  [0m[47m  [0m[40m  [0m[47m  [0m
[47m  [0m[40m  [0m[47m  [0m[40m  [0m[40m  [0m[40m  [0m[47m  [0m[40m  [0m[47m  [0m[40m  [0m[40m  [0m[40m  [0m[47m  [0m[47m  [0m[40m  [0m[40m  [0m[47m  [0m[47m  [0m[47m  [0m[40m  [0m[40m  [0m[47m  [0m[47m  [0m[40m  [0m[47m  [0m[40m  [0m[40m  [0m[40m  [0m[47m  [0m[40m  [0m[47m  [0m
[47m  [0m[40m  [0m[47m  [0m[40m  [0m[40m  [0m[40m  [0m[47m  [0m[40m  [0m[47m  [0m[40m  [0m[40m  [0m[40m  [0m[47m  [0m[40m  [0m[47m  [0m[40m  [0m[40m  [0m[47m  [0m[40m  [0m[40m  [0m[47m  [0m[40m  [0m[47m  [0m[40m  [0m[47m  [0m[40m  [0m[40m  [0m[40m  [0m[47m  [0m[40m  [0m[47m  [0m
[47m  [0m[40m  [0m[47m  [0m[40m  [0m[40m  [0m[40m  [0m[47m  [0m[40m  [0m[47m  [0m[40m  [0m[47m  [0m[47m  [0m[40m  [0m[40m  [0m[47m  [0m[40m  [0m[47m  [0m[40m  [0m[47m  [0m[47m  [0m[40m  [0m[47m  [0m[47m  [0m[40m  [0m[47m  [0m[40m  [0m[40m  [0m[40m  [0m[47m  [0m[40m  [0m[47m  [0m
[47m  [0m[40m  [0m[47m  [0m[47m  [0m[47m  [0m[47m  [0m[47m  [0m[40m  [0m[47m  [0m[47m  [0m[47m  [0m[40m  [0m[40m  [0m[47m  [0m[47m  [0m[40m  [0m[47m  [0m[40m  [0m[40m  [0m[40m  [0m[40m  [0m[47m  [0m[47m  [0m[40m  [0m[47m  [0m[47m  [0m[47m  [0m[47m  [0m[47m  [0m[40m  [0m[47m  [0m
[47m  [0m[40m  [0m[40m  [0m[40m  [0m[40m  [0m[40m  [0m[40m  [0m[40m  [0m[47m  [0m[40m  [0m[47m  [0m[40m  [0m[47m  [0m[40m  [0m[47m  [0m[40m  [0m[47m  [0m[40m  [0m[47m  [0m[40m  [0m[47m  [0m[40m  [0m[47m  [0m[40m  [0m[40m  [0m[40m  [0m[40m  [0m[40m  [0m[40m  [0m[40m  [0m[47m  [0m
[47m  [0m[47m  [0m[47m  [0m[47m  [0m[47m  [0m[47m  [0m[47m  [0m[47m  [0m[47m  [0m[47m  [0m[47m  [0m[40m  [0m[47m  [0m[40m  [0m[47m  [0m[40m  [0m[47m  [0m[40m  [0m[40m  [0m[47m  [0m[40m  [0m[47m  [0m[47m  [0m[47m  [0m[47m  [0m[47m  [0m[47m  [0m[47m  [0m[47m  [0m[47m  [0m[47m  [0m
[47m  [0m[40m  [0m[40m  [0m[40m  [0m[40m  [0m[47m  [0m[47m  [0m[40m  [0m[47m  [0m[40m  [0m[47m  [0m[40m  [0m[40m  [0m[40m  [0m[40m  [0m[40m  [0m[47m  [0m[47m  [0m[40m  [0m[40m  [0m[47m  [0m[47m  [0m[40m  [0m[47m  [0m[47m  [0m[40m  [0m[40m  [0m[40m  [0m[47m  [0m[40m  [0m[47m  [0m
[47m  [0m[40m  [0m[40m  [0m[40m  [0m[40m  [0m[47m  [0m[47m  [0m[47m  [0m[47m  [0m[40m  [0m[47m  [0m[40m  [0m[47m  [0m[40m  [0m[47m  [0m[47m  [0m[47m  [0m[40m  [0m[47m  [0m[40m  [0m[40m  [0m[47m  [0m[40m  [0m[40m  [0m[40m  [0m[40m  [0m[47m  [0m[47m  [0m[47m  [0m[40m  [0m[47m  [0m
[47m  [0m[40m  [0m[47m  [0m[47m  [0m[47m  [0m[40m  [0m[47m  [0m[40m  [0m[40m  [0m[47m  [0m[40m  [0m[40m  [0m[40m  [0m[40m  [0m[40m  [0m[47m  [0m[47m  [0m[47m  [0m[47m  [0m[47m  [0m[47m  [0m[40m  [0m[40m  [0m[40m  [0m[47m  [0m[47m  [0m[47m  [0m[40m  [0m[40m  [0m[47m  [0m[47m  [0m
[47m  [0m[40m  [0m[40m  [0m[40m  [0m[47m  [0m[47m  [0m[40m  [0m[47m  [0m[47m  [0m[40m  [0m[40m  [0m[40m  [0m[47m  [0m[47m  [0m[40m  [0m[40m  [0m[47m  [0m[40m  [0m[47m  [0m[40m  [0m[47m  [0m[40m  [0m[47m  [0m[47m  [0m[47m  [0m[40m  [0m[47m  [0m[47m  [0m[47m  [0m[40m  [0m[47m  [0m
[47m  [0m[40m  [0m[40m  [0m[47m  [0m[47m  [0m[40m  [0m[47m  [0m[40m  [0m[47m  [0m[40m  [0m[40m  [0m[40m  [0m[47m  [0m[40m  [0m[40m  [0m[40m  [0m[40m  [0m[40m  [0m[40m  [0m[47m  [0m[40m  [0m[47m  [0m[40m  [0m[47m  [0m[47m  [0m[47m  [0m[40m  [0m[40m  [0m[47m  [0m[47m  [0m[47m  [0m
[47m  [0m[47m  [0m[40m  [0m[47m  [0m[47m  [0m[47m  [0m[47m  [0m[47m  [0m[47m  [0m[47m  [0m[47m  [0m[47m  [0m[40m  [0m[40m  [0m[47m  [0m[47m  [0m[40m  [0m[40m  [0m[47m  [0m[47m  [0m[40m  [0m[47m  [0m[47m  [0m[40m  [0m[47m  [0m[47m  [0m[47m  [0m[40m  [0m[40m  [0m[40m  [0m[47m  [0m
[47m  [0m[40m  [0m[47m  [0m[47m  [0m[40m  [0m[40m  [0m[40m  [0m[40m  [0m[47m  [0m[40m  [0m[47m  [0m[40m  [0m[40m  [0m[47m  [0m[47m  [0m[40m  [0m[47m  [0m[47m  [0m[40m  [0m[40m  [0m[40m  [0m[40m  [0m[40m  [0m[47m  [0m[40m  [0m[40m  [0m[47m  [0m[40m  [0m[40m  [0m[40m  [0m[47m  [0m
[47m  [0m[40m  [0m[40m  [0m[40m  [0m[40m  [0m[47m  [0m[40m  [0m[47m  [0m[47m  [0m[40m  [0m[40m  [0m[47m  [0m[40m  [0m[47m  [0m[47m  [0m[40m  [0m[47m  [0m[47m  [0m[47m  [0m[47m  [0m[47m  [0m[47m  [0m[40m  [0m[40m  [0m[40m  [0m[40m  [0m[47m  [0m[47m  [0m[40m  [0m[47m  [0m[47m  [0m
[47m  [0m[40m  [0m[47m  [0m[47m  [0m[40m  [0m[40m  [0m[47m  [0m[40m  [0m[40m  [0m[47m  [0m[47m  [0m[40m  [0m[47m  [0m[40m  [0m[40m  [0m[40m  [0m[40m  [0m[47m  [0m[47m  [0m[40m  [0m[40m  [0m[40m  [0m[40m  [0m[47m  [0m[40m  [0m[40m  [0m[40m  [0m[47m  [0m[40m  [0m[47m  [0m[47m  [0m
[47m  [0m[47m  [0m[47m  [0m[40m  [0m[47m  [0m[40m  [0m[40m  [0m[47m  [0m[47m  [0m[47m  [0m[40m  [0m[47m  [0m[47m  [0m[47m  [0m[47m  [0m[40m  [0m[40m  [0m[47m  [0m[40m  [0m[47m  [0m[47m  [0m[40m  [0m[40m  [0m[47m  [0m[40m  [0m[47m  [0m[40m  [0m[40m  [0m[40m  [0m[47m  [0m[47m  [0m
[47m  [0m[40m  [0m[47m  [0m[40m  [0m[40m  [0m[47m  [0m[40m  [0m[40m  [0m[47m  [0m[47m  [0m[47m  [0m[40m  [0m[47m  [0m[47m  [0m[47m  [0m[40m  [0m[40m  [0m[47m  [0m[47m  [0m[47m  [0m[47m  [0m[47m  [0m[47m  [0m[47m  [0m[40m  [0m[47m  [0m[47m  [0m[40m  [0m[47m  [0m[47m  [0m[47m  [0m
[47m  [0m[47m  [0m[47m  [0m[47m  [0m[47m  [0m[40m  [0m[47m  [0m[47m  [0m[40m  [0m[40m  [0m[47m  [0m[40m  [0m[40m  [0m[47m  [0m[47m  [0m[47m  [0m[40m  [0m[47m  [0m[40m  [0m[40m  [0m[47m  [0m[40m  [0m[40m  [0m[40m  [0m[47m  [0m[40m  [0m[47m  [0m[40m  [0m[47m  [0m[47m  [0m[47m  [0m
[47m  [0m[47m  [0m[40m  [0m[40m  [0m[40m  [0m[47m  [0m[40m  [0m[40m  [0m[40m  [0m[47m  [0m[47m  [0m[47m  [0m[47m  [0m[47m  [0m[47m  [0m[47m  [0m[40m  [0m[47m  [0m[40m  [0m[47m  [0m[47m  [0m[40m  [0m[40m  [0m[40m  [0m[40m  [0m[40m  [0m[40m  [0m[40m  [0m[47m  [0m[47m  [0m[47m  [0m
[47m  [0m[47m  [0m[47m  [0m[47m  [0m[47m  [0m[47m  [0m[47m  [0m[47m  [0m[47m  [0m[40m  [0m[40m  [0m[47m  [0m[47m  [0m[47m  [0m[40m  [0m[40m  [0m[40m  [0m[40m  [0m[40m  [0m[40m  [0m[40m  [0m[40m  [0m[47m  [0m[47m  [0m[47m  [0m[40m  [0m[40m  [0m[40m  [0m[40m  [0m[40m  [0m[47m  [0m
[47m  [0m[40m  [0m[40m  [0m[40m  [0m[40m  [0m[40m  [0m[40m  [0m[40m  [0m[47m  [0m[47m  [0m[40m  [0m[47m  [0m[47m  [0m[47m  [0m[47m  [0m[47m  [0m[47m  [0m[47m  [0m[47m  [0m[40m  [0m[40m  [0m[40m  [0m[47m  [0m[40m  [0m[47m  [0m[40m  [0m[40m  [0m[47m  [0m[40m  [0m[47m  [0m[47m  [0m
[47m  [0m[40m  [0m[47m  [0m[47m  [0m[47m  [0m[47m  [0m[47m  [0m[40m  [0m[47m  [0m[47m  [0m[40m  [0m[40m  [0m[40m  [0m[40m  [0m[40m  [0m[40m  [0m[47m  [0m[47m  [0m[47m  [0m[40m  [0m[47m  [0m[40m  [0m[47m  [0m[47m  [0m[47m  [0m[40m  [0m[40m  [0m[47m  [0m[47m  [0m[47m  [0m[47m  [0m
[47m  [0m[40m  [0m[47m  [0m[40m  [0m[40m  [0m[40m  [0m[47m  [0m[40m  [0m[47m  [0m[47m  [0m[47m  [0m[47m  [0m[40m  [0m[47m  [0m[47m  [0m[47m  [0m[40m  [0m[40m  [0m[40m  [0m[47m  [0m[47m  [0m[40m  [0m[40m  [0m[40m  [0m[40m  [0m[40m  [0m[47m  [0m[40m  [0m[40m  [0m[40m  [0m[47m  [0m
[47m  [0m[40m  [0m[47m  [0m[40m  [0m[40m  [0m[40m  [0m[47m  [0m[40m  [0m[47m  [0m[40m  [0m[47m  [0m[47m  [0m[40m  [0m[47m  [0m[40m  [0m[40m  [0m[40m  [0m[47m  [0m[47m  [0m[47m  [0m[40m  [0m[40m  [0m[40m  [0m[47m  [0m[40m  [0m[40m  [0m[40m  [0m[47m  [0m[47m  [0m[40m  [0m[47m  [0m
[47m  [0m[40m  [0m[47m  [0m[40m  [0m[40m  [0m[40m  [0m[47m  [0m[40m  [0m[47m  [0m[40m  [0m[40m  [0m[47m  [0m[47m  [0m[40m  [0m[47m  [0m[40m  [0m[47m  [0m[47m  [0m[47m  [0m[40m  [0m[40m  [0m[40m  [0m[47m  [0m[47m  [0m[40m  [0m[47m  [0m[47m  [0m[40m  [0m[47m  [0m[40m  [0m[47m  [0m
[47m  [0m[40m  [0m[47m  [0m[47m  [0m[47m  [0m[47m  [0m[47m  [0m[40m  [0m[47m  [0m[40m  [0m[40m  [0m[40m  [0m[47m  [0m[40m  [0m[40m  [0m[47m  [0m[47m  [0m[40m  [0m[47m  [0m[40m  [0m[47m  [0m[40m  [0m[47m  [0m[47m  [0m[47m  [0m[40m  [0m[40m  [0m[47m  [0m[40m  [0m[47m  [0m[47m  [0m
[47m  [0m[40m  [0m[40m  [0m[40m  [0m[40m  [0m[40m  [0m[40m  [0m[40m  [0m[47m  [0m[40m  [0m[40m  [0m[47m  [0m[40m  [0m[47m  [0m[47m  [0m[47m  [0m[40m  [0m[47m  [0m[47m  [0m[47m  [0m[40m  [0m[40m  [0m[40m  [0m[47m  [0m[47m  [0m[40m  [0m[47m  [0m[47m  [0m[40m  [0m[47m  [0m[47m  [0m
[47m  [0m[47m  [0m[47m  [0m[47m  [0m[47m  [0m[47m  [0m[47m  [0m[47m  [0m[47m  [0m[47m  [0m[47m  [0m[47m  [0m[47m  [0m[47m  [0m[47m  [0m[47m  [0m[47m  [0m[47m  [0m[47m  [0m[47m  [0m[47m  [0m[47m  [0m[47m  [0m[47m  [0m[47m  [0m[47m  [0m[47m  [0m[47m  [0m[47m  [0m[47m  [0m[47m  [0m
https://login.weixin.qq.com/qrcode/4ZkptEKFGw==
[47m  [0m[47m  [0m[47m  [0m[47m  [0m[47m  [0m[47m  [0m[47m  [0m[47m  [0m[47m  [0m[47m  [0m[47m  [0m[47m  [0m[47m  [0m[47m  [0m[47m  [0m[47m  [0m[47m  [0m[47m  [0m[47m  [0m[47m  [0m[47m  [0m[47m  [0m[47m  [0m[47m  [0m[47m  [0m[47m  [0m[47m  [0m[47m  [0m[47m  [0m[47m  [0m[47m  [0m
[47m  [0m[40m  [0m[40m  [0m[40m  [0m[40m  [0m[40m  [0m[40m  [0m[40m  [0m[47m  [0m[40m  [0m[47m  [0m[40m  [0m[47m  [0m[40m  [0m[40m  [0m[47m  [0m[40m  [0m[40m  [0m[47m  [0m[47m  [0m[40m  [0m[40m  [0m[47m  [0m[40m  [0m[40m  [0m[40m  [0m[40m  [0m[40m  [0m[40m  [0m[40m  [0m[47m  [0m
[47m  [0m[40m  [0m[47m  [0m[47m  [0m[47m  [0m[47m  [0m[47m  [0m[40m  [0m[47m  [0m[47m  [0m[40m  [0m[40m  [0m[40m  [0m[40m  [0m[40m  [0m[40m  [0m[47m  [0m[40m  [0m[40m  [0m[47m  [0m[47m  [0m[47m  [0m[47m  [0m[40m  [0m[47m  [0m[47m  [0m[47m  [0m[47m  [0m[47m  [0m[40m  [0m[47m  [0m
[47m  [0m[40m  [0m[47m  [0m[40m  [0m[40m  [0m[40m  [0m[47m  [0m[40m  [0m[47m  [0m[40m  [0m[40m  [0m[40m  [0m[47m  [0m[47m  [0m[40m  [0m[40m  [0m[47m  [0m[47m  [0m[47m  [0m[40m  [0m[40m  [0m[47m  [0m[47m  [0m[40m  [0m[47m  [0m[40m  [0m[40m  [0m[40m  [0m[47m  [0m[40m  [0m[47m  [0m
[47m  [0m[40m  [0m[47m  [0m[40m  [0m[40m  [0m[40m  [0m[47m  [0m[40m  [0m[47m  [0m[40m  [0m[40m  [0m[40m  [0m[47m  [0m[40m  [0m[47m  [0m[40m  [0m[40m  [0m[47m  [0m[40m  [0m[40m  [0m[47m  [0m[40m  [0m[47m  [0m[40m  [0m[47m  [0m[40m  [0m[40m  [0m[40m  [0m[47m  [0m[40m  [0m[47m  [0m
[47m  [0m[40m  [0m[47m  [0m[40m  [0m[40m  [0m[40m  [0m[47m  [0m[40m  [0m[47m  [0m[40m  [0m[47m  [0m[47m  [0m[40m  [0m[40m  [0m[47m  [0m[40m  [0m[47m  [0m[40m  [0m[47m  [0m[47m  [0m[40m  [0m[47m  [0m[47m  [0m[40m  [0m[47m  [0m[40m  [0m[40m  [0m[40m  [0m[47m  [0m[40m  [0m[47m  [0m
[47m  [0m[40m  [0m[47m  [0m[47m  [0m[47m  [0m[47m  [0m[47m  [0m[40m  [0m[47m  [0m[47m  [0m[47m  [0m[40m  [0m[40m  [0m[47m  [0m[47m  [0m[40m  [0m[47m  [0m[40m  [0m[40m  [0m[40m  [0m[40m  [0m[47m  [0m[47m  [0m[40m  [0m[47m  [0m[47m  [0m[47m  [0m[47m  [0m[47m  [0m[40m  [0m[47m  [0m
[47m  [0m[40m  [0m[40m  [0m[40m  [0m[40m  [0m[40m  [0m[40m  [0m[40m  [0m[47m  [0m[40m  [0m[47m  [0m[40m  [0m[47m  [0m[40m  [0m[47m  [0m[40m  [0m[47m  [0m[40m  [0m[47m  [0m[40m  [0m[47m  [0m[40m  [0m[47m  [0m[40m  [0m[40m  [0m[40m  [0m[40m  [0m[40m  [0m[40m  [0m[40m  [0m[47m  [0m
[47m  [0m[47m  [0m[47m  [0m[47m  [0m[47m  [0m[47m  [0m[47m  [0m[47m  [0m[47m  [0m[47m  [0m[47m  [0m[40m  [0m[47m  [0m[40m  [0m[47m  [0m[40m  [0m[47m  [0m[40m  [0m[40m  [0m[47m  [0m[40m  [0m[47m  [0m[47m  [0m[47m  [0m[47m  [0m[47m  [0m[47m  [0m[47m  [0m[47m  [0m[47m  [0m[47m  [0m
[47m  [0m[40m  [0m[40m  [0m[40m  [0m[40m  [0m[47m  [0m[47m  [0m[40m  [0m[47m  [0m[40m  [0m[47m  [0m[40m  [0m[40m  [0m[40m  [0m[40m  [0m[40m  [0m[47m  [0m[47m  [0m[40m  [0m[40m  [0m[47m  [0m[47m  [0m[40m  [0m[47m  [0m[47m  [0m[40m  [0m[40m  [0m[40m  [0m[47m  [0m[40m  [0m[47m  [0m
[47m  [0m[40m  [0m[40m  [0m[40m  [0m[40m  [0m[47m  [0m[47m  [0m[47m  [0m[47m  [0m[40m  [0m[47m  [0m[40m  [0m[47m  [0m[40m  [0m[47m  [0m[47m  [0m[47m  [0m[40m  [0m[47m  [0m[40m  [0m[40m  [0m[47m  [0m[40m  [0m[40m  [0m[40m  [0m[40m  [0m[47m  [0m[47m  [0m[47m  [0m[40m  [0m[47m  [0m
[47m  [0m[40m  [0m[47m  [0m[47m  [0m[47m  [0m[40m  [0m[47m  [0m[40m  [0m[40m  [0m[47m  [0m[40m  [0m[40m  [0m[40m  [0m[40m  [0m[40m  [0m[47m  [0m[47m  [0m[47m  [0m[47m  [0m[47m  [0m[47m  [0m[40m  [0m[40m  [0m[40m  [0m[47m  [0m[47m  [0m[47m  [0m[40m  [0m[40m  [0m[47m  [0m[47m  [0m
[47m  [0m[40m  [0m[40m  [0m[40m  [0m[47m  [0m[47m  [0m[40m  [0m[47m  [0m[47m  [0m[40m  [0m[40m  [0m[40m  [0m[47m  [0m[47m  [0m[40m  [0m[40m  [0m[47m  [0m[40m  [0m[47m  [0m[40m  [0m[47m  [0m[40m  [0m[47m  [0m[47m  [0m[47m  [0m[40m  [0m[47m  [0m[47m  [0m[47m  [0m[40m  [0m[47m  [0m
[47m  [0m[40m  [0m[40m  [0m[47m  [0m[47m  [0m[40m  [0m[47m  [0m[40m  [0m[47m  [0m[40m  [0m[40m  [0m[40m  [0m[47m  [0m[40m  [0m[40m  [0m[40m  [0m[40m  [0m[40m  [0m[40m  [0m[47m  [0m[40m  [0m[47m  [0m[40m  [0m[47m  [0m[47m  [0m[47m  [0m[40m  [0m[40m  [0m[47m  [0m[47m  [0m[47m  [0m
[47m  [0m[47m  [0m[40m  [0m[47m  [0m[47m  [0m[47m  [0m[47m  [0m[47m  [0m[47m  [0m[47m  [0m[47m  [0m[47m  [0m[40m  [0m[40m  [0m[47m  [0m[47m  [0m[40m  [0m[40m  [0m[47m  [0m[47m  [0m[40m  [0m[47m  [0m[47m  [0m[40m  [0m[47m  [0m[47m  [0m[47m  [0m[40m  [0m[40m  [0m[40m  [0m[47m  [0m
[47m  [0m[40m  [0m[47m  [0m[47m  [0m[40m  [0m[40m  [0m[40m  [0m[40m  [0m[47m  [0m[40m  [0m[47m  [0m[40m  [0m[40m  [0m[47m  [0m[47m  [0m[40m  [0m[47m  [0m[47m  [0m[40m  [0m[40m  [0m[40m  [0m[40m  [0m[40m  [0m[47m  [0m[40m  [0m[40m  [0m[47m  [0m[40m  [0m[40m  [0m[40m  [0m[47m  [0m
[47m  [0m[40m  [0m[40m  [0m[40m  [0m[40m  [0m[47m  [0m[40m  [0m[47m  [0m[47m  [0m[40m  [0m[40m  [0m[47m  [0m[40m  [0m[47m  [0m[47m  [0m[40m  [0m[47m  [0m[47m  [0m[47m  [0m[47m  [0m[47m  [0m[47m  [0m[40m  [0m[40m  [0m[40m  [0m[40m  [0m[47m  [0m[47m  [0m[40m  [0m[47m  [0m[47m  [0m
[47m  [0m[40m  [0m[47m  [0m[47m  [0m[40m  [0m[40m  [0m[47m  [0m[40m  [0m[40m  [0m[47m  [0m[47m  [0m[40m  [0m[47m  [0m[40m  [0m[40m  [0m[40m  [0m[40m  [0m[47m  [0m[47m  [0m[40m  [0m[40m  [0m[40m  [0m[40m  [0m[47m  [0m[40m  [0m[40m  [0m[40m  [0m[47m  [0m[40m  [0m[47m  [0m[47m  [0m
[47m  [0m[47m  [0m[47m  [0m[40m  [0m[47m  [0m[40m  [0m[40m  [0m[47m  [0m[47m  [0m[47m  [0m[40m  [0m[47m  [0m[47m  [0m[47m  [0m[47m  [0m[40m  [0m[40m  [0m[47m  [0m[40m  [0m[47m  [0m[47m  [0m[40m  [0m[40m  [0m[47m  [0m[40m  [0m[47m  [0m[40m  [0m[40m  [0m[40m  [0m[47m  [0m[47m  [0m
[47m  [0m[40m  [0m[47m  [0m[40m  [0m[40m  [0m[47m  [0m[40m  [0m[40m  [0m[47m  [0m[47m  [0m[47m  [0m[40m  [0m[47m  [0m[47m  [0m[47m  [0m[40m  [0m[40m  [0m[47m  [0m[47m  [0m[47m  [0m[47m  [0m[47m  [0m[47m  [0m[47m  [0m[40m  [0m[47m  [0m[47m  [0m[40m  [0m[47m  [0m[47m  [0m[47m  [0m
[47m  [0m[47m  [0m[47m  [0m[47m  [0m[47m  [0m[40m  [0m[47m  [0m[47m  [0m[40m  [0m[40m  [0m[47m  [0m[40m  [0m[40m  [0m[47m  [0m[47m  [0m[47m  [0m[40m  [0m[47m  [0m[40m  [0m[40m  [0m[47m  [0m[40m  [0m[40m  [0m[40m  [0m[47m  [0m[40m  [0m[47m  [0m[40m  [0m[47m  [0m[47m  [0m[47m  [0m
[47m  [0m[47m  [0m[40m  [0m[40m  [0m[40m  [0m[47m  [0m[40m  [0m[40m  [0m[40m  [0m[47m  [0m[47m  [0m[47m  [0m[47m  [0m[47m  [0m[47m  [0m[47m  [0m[40m  [0m[47m  [0m[40m  [0m[47m  [0m[47m  [0m[40m  [0m[40m  [0m[40m  [0m[40m  [0m[40m  [0m[40m  [0m[40m  [0m[47m  [0m[47m  [0m[47m  [0m
[47m  [0m[47m  [0m[47m  [0m[47m  [0m[47m  [0m[47m  [0m[47m  [0m[47m  [0m[47m  [0m[40m  [0m[40m  [0m[47m  [0m[47m  [0m[47m  [0m[40m  [0m[40m  [0m[40m  [0m[40m  [0m[40m  [0m[40m  [0m[40m  [0m[40m  [0m[47m  [0m[47m  [0m[47m  [0m[40m  [0m[40m  [0m[40m  [0m[40m  [0m[40m  [0m[47m  [0m
[47m  [0m[40m  [0m[40m  [0m[40m  [0m[40m  [0m[40m  [0m[40m  [0m[40m  [0m[47m  [0m[47m  [0m[40m  [0m[47m  [0m[47m  [0m[47m  [0m[47m  [0m[47m  [0m[47m  [0m[47m  [0m[47m  [0m[40m  [0m[40m  [0m[40m  [0m[47m  [0m[40m  [0m[47m  [0m[40m  [0m[40m  [0m[47m  [0m[40m  [0m[47m  [0m[47m  [0m
[47m  [0m[40m  [0m[47m  [0m[47m  [0m[47m  [0m[47m  [0m[47m  [0m[40m  [0m[47m  [0m[47m  [0m[40m  [0m[40m  [0m[40m  [0m[40m  [0m[40m  [0m[40m  [0m[47m  [0m[47m  [0m[47m  [0m[40m  [0m[47m  [0m[40m  [0m[47m  [0m[47m  [0m[47m  [0m[40m  [0m[40m  [0m[47m  [0m[47m  [0m[47m  [0m[47m  [0m
[47m  [0m[40m  [0m[47m  [0m[40m  [0m[40m  [0m[40m  [0m[47m  [0m[40m  [0m[47m  [0m[47m  [0m[47m  [0m[47m  [0m[40m  [0m[47m  [0m[47m  [0m[47m  [0m[40m  [0m[40m  [0m[40m  [0m[47m  [0m[47m  [0m[40m  [0m[40m  [0m[40m  [0m[40m  [0m[40m  [0m[47m  [0m[40m  [0m[40m  [0m[40m  [0m[47m  [0m
[47m  [0m[40m  [0m[47m  [0m[40m  [0m[40m  [0m[40m  [0m[47m  [0m[40m  [0m[47m  [0m[40m  [0m[47m  [0m[47m  [0m[40m  [0m[47m  [0m[40m  [0m[40m  [0m[40m  [0m[47m  [0m[47m  [0m[47m  [0m[40m  [0m[40m  [0m[40m  [0m[47m  [0m[40m  [0m[40m  [0m[40m  [0m[47m  [0m[47m  [0m[40m  [0m[47m  [0m
[47m  [0m[40m  [0m[47m  [0m[40m  [0m[40m  [0m[40m  [0m[47m  [0m[40m  [0m[47m  [0m[40m  [0m[40m  [0m[47m  [0m[47m  [0m[40m  [0m[47m  [0m[40m  [0m[47m  [0m[47m  [0m[47m  [0m[40m  [0m[40m  [0m[40m  [0m[47m  [0m[47m  [0m[40m  [0m[47m  [0m[47m  [0m[40m  [0m[47m  [0m[40m  [0m[47m  [0m
[47m  [0m[40m  [0m[47m  [0m[47m  [0m[47m  [0m[47m  [0m[47m  [0m[40m  [0m[47m  [0m[40m  [0m[40m  [0m[40m  [0m[47m  [0m[40m  [0m[40m  [0m[47m  [0m[47m  [0m[40m  [0m[47m  [0m[40m  [0m[47m  [0m[40m  [0m[47m  [0m[47m  [0m[47m  [0m[40m  [0m[40m  [0m[47m  [0m[40m  [0m[47m  [0m[47m  [0m
[47m  [0m[40m  [0m[40m  [0m[40m  [0m[40m  [0m[40m  [0m[40m  [0m[40m  [0m[47m  [0m[40m  [0m[40m  [0m[47m  [0m[40m  [0m[47m  [0m[47m  [0m[47m  [0m[40m  [0m[47m  [0m[47m  [0m[47m  [0m[40m  [0m[40m  [0m[40m  [0m[47m  [0m[47m  [0m[40m  [0m[47m  [0m[47m  [0m[40m  [0m[47m  [0m[47m  [0m
[47m  [0m[47m  [0m[47m  [0m[47m  [0m[47m  [0m[47m  [0m[47m  [0m[47m  [0m[47m  [0m[47m  [0m[47m  [0m[47m  [0m[47m  [0m[47m  [0m[47m  [0m[47m  [0m[47m  [0m[47m  [0m[47m  [0m[47m  [0m[47m  [0m[47m  [0m[47m  [0m[47m  [0m[47m  [0m[47m  [0m[47m  [0m[47m  [0m[47m  [0m[47m  [0m[47m  [0m
https://login.weixin.qq.com/qrcode/4ZkptEKFGw==
